1. List
----------------------------------[ Print: list ]---------------------------------
1->2->3->4->5
--------------------------------------[ END ]-------------------------------------

2. Doubly Linked List
------------------------------[ Doubly Linked List ]------------------------------
1<->3<->5<->7<->9<->2<->4<->6<->8<->10
--------------------------------------[ End ]-------------------------------------

3. Queue
-------------------------------------[ Queue ]------------------------------------
10-8-6-4-2-9-7-5-3-1
--------------------------------------[ End ]-------------------------------------

4. Stack
---------------------------------[ Print: Stack ]---------------------------------
10 9 8 7 6 5 4 3 2 1
--------------------------------------[ END ]-------------------------------------

5. Tree
-------------------------------[ Print : Tree Plot ]------------------------------
Print Lines : 3, Console Width : 82
final width: 9
   <B>                                                                           
 +--+--+                                                                         
<A>   <C>                                                                        

--------------------------------------[ End ]-------------------------------------

6. BST
-------------------------------[ Print : Tree Plot ]------------------------------
Print Lines : 15, Console Width : 82
final width: 54
                                          083                                    
       +-----------------------------------+-----+                               
      008                                       086                              
 +-----+-----------------+                    +--+--+                            
000                     043                  084   094                           
 +--+                 +--+--------------+                                        
   003               039               070                                       
                   +--+           +-----+                                        
                  038            050                                             
                +--+           +--+--+                                           
               033            046   065                                          
             +--+           +--+                                                 
            018            045                                                   
          +--+                                                                   
         009                                                                     

--------------------------------------[ End ]-------------------------------------

7. AvlTree
-------------------------------[ Print : Tree Plot ]------------------------------
Print Lines : 9, Console Width : 82
final width: 57
                        059                                                      
             +-----------+-----------+                                           
            032                     067                                          
       +-----+-----+           +-----+--------+                                  
      017         046         063            079                                 
    +--+--+     +--+--+     +--+--+     +-----+-----+                            
   014   030   044   053   062   065   069         088                           
 +--+                                   +--+     +--+--+                         
009                                       077   081   090                        

--------------------------------------[ End ]-------------------------------------

8. Hash
Resize! 15 -> 31
Resize! 31 -> 63
Resize! 63 -> 127
Resize! 127 -> 255
Resize! 255 -> 511
Resize! 511 -> 1023
Hash Info : 
	Total : 100
	Avg : 0.097752
	Std : 0.306694
	Max : 2
	Bucket Usage : 0.094819
	Load Factor : 0.097752
	Collisions : 3
	Collision ratio 0.030000
